{"/home/sylvain/autresProjets/cart-rent/car-rent-server/domain/ValueObjects.ts": {"path":"/home/sylvain/autresProjets/cart-rent/car-rent-server/domain/ValueObjects.ts","all":false,"statementMap":{"0":{"start":{"line":1,"column":0},"end":{"line":1,"column":59}},"1":{"start":{"line":2,"column":0},"end":{"line":2,"column":0}},"2":{"start":{"line":3,"column":0},"end":{"line":3,"column":62}},"3":{"start":{"line":4,"column":0},"end":{"line":4,"column":25}},"4":{"start":{"line":5,"column":0},"end":{"line":5,"column":28}},"5":{"start":{"line":6,"column":0},"end":{"line":6,"column":49}},"6":{"start":{"line":7,"column":0},"end":{"line":7,"column":21}},"7":{"start":{"line":8,"column":0},"end":{"line":8,"column":3}},"8":{"start":{"line":9,"column":0},"end":{"line":9,"column":15}},"9":{"start":{"line":10,"column":0},"end":{"line":10,"column":23}},"10":{"start":{"line":11,"column":0},"end":{"line":11,"column":3}},"11":{"start":{"line":12,"column":0},"end":{"line":12,"column":31}},"12":{"start":{"line":13,"column":0},"end":{"line":13,"column":60}},"13":{"start":{"line":14,"column":0},"end":{"line":14,"column":1}},"14":{"start":{"line":15,"column":0},"end":{"line":15,"column":0}},"15":{"start":{"line":16,"column":0},"end":{"line":16,"column":68}},"16":{"start":{"line":17,"column":0},"end":{"line":17,"column":25}},"17":{"start":{"line":18,"column":0},"end":{"line":18,"column":40}},"18":{"start":{"line":19,"column":0},"end":{"line":19,"column":74}},"19":{"start":{"line":20,"column":0},"end":{"line":20,"column":33}},"20":{"start":{"line":21,"column":0},"end":{"line":21,"column":3}},"21":{"start":{"line":22,"column":0},"end":{"line":22,"column":15}},"22":{"start":{"line":23,"column":0},"end":{"line":23,"column":23}},"23":{"start":{"line":24,"column":0},"end":{"line":24,"column":3}},"24":{"start":{"line":25,"column":0},"end":{"line":25,"column":31}},"25":{"start":{"line":26,"column":0},"end":{"line":26,"column":66}},"26":{"start":{"line":27,"column":0},"end":{"line":27,"column":1}},"27":{"start":{"line":28,"column":0},"end":{"line":28,"column":0}},"28":{"start":{"line":29,"column":0},"end":{"line":29,"column":63}},"29":{"start":{"line":30,"column":0},"end":{"line":30,"column":25}},"30":{"start":{"line":31,"column":0},"end":{"line":31,"column":35}},"31":{"start":{"line":32,"column":0},"end":{"line":32,"column":64}},"32":{"start":{"line":33,"column":0},"end":{"line":33,"column":31}},"33":{"start":{"line":34,"column":0},"end":{"line":34,"column":26}},"34":{"start":{"line":35,"column":0},"end":{"line":35,"column":20}},"35":{"start":{"line":36,"column":0},"end":{"line":36,"column":23}},"36":{"start":{"line":37,"column":0},"end":{"line":37,"column":24}},"37":{"start":{"line":38,"column":0},"end":{"line":38,"column":170}},"38":{"start":{"line":39,"column":0},"end":{"line":39,"column":8}},"39":{"start":{"line":40,"column":0},"end":{"line":40,"column":26}},"40":{"start":{"line":41,"column":0},"end":{"line":41,"column":20}},"41":{"start":{"line":42,"column":0},"end":{"line":42,"column":23}},"42":{"start":{"line":43,"column":0},"end":{"line":43,"column":24}},"43":{"start":{"line":44,"column":0},"end":{"line":44,"column":671}},"44":{"start":{"line":45,"column":0},"end":{"line":45,"column":8}},"45":{"start":{"line":46,"column":0},"end":{"line":46,"column":69}},"46":{"start":{"line":47,"column":0},"end":{"line":47,"column":0}},"47":{"start":{"line":48,"column":0},"end":{"line":48,"column":28}},"48":{"start":{"line":49,"column":0},"end":{"line":49,"column":3}},"49":{"start":{"line":50,"column":0},"end":{"line":50,"column":15}},"50":{"start":{"line":51,"column":0},"end":{"line":51,"column":23}},"51":{"start":{"line":52,"column":0},"end":{"line":52,"column":3}},"52":{"start":{"line":53,"column":0},"end":{"line":53,"column":31}},"53":{"start":{"line":54,"column":0},"end":{"line":54,"column":61}},"54":{"start":{"line":55,"column":0},"end":{"line":55,"column":1}},"55":{"start":{"line":56,"column":0},"end":{"line":56,"column":0}},"56":{"start":{"line":57,"column":0},"end":{"line":57,"column":59}},"57":{"start":{"line":58,"column":0},"end":{"line":58,"column":25}},"58":{"start":{"line":59,"column":0},"end":{"line":59,"column":31}},"59":{"start":{"line":60,"column":0},"end":{"line":60,"column":34}},"60":{"start":{"line":61,"column":0},"end":{"line":61,"column":55}},"61":{"start":{"line":62,"column":0},"end":{"line":62,"column":24}},"62":{"start":{"line":63,"column":0},"end":{"line":63,"column":3}},"63":{"start":{"line":64,"column":0},"end":{"line":64,"column":15}},"64":{"start":{"line":65,"column":0},"end":{"line":65,"column":23}},"65":{"start":{"line":66,"column":0},"end":{"line":66,"column":3}},"66":{"start":{"line":67,"column":0},"end":{"line":67,"column":31}},"67":{"start":{"line":68,"column":0},"end":{"line":68,"column":57}},"68":{"start":{"line":69,"column":0},"end":{"line":69,"column":1}},"69":{"start":{"line":70,"column":0},"end":{"line":70,"column":0}},"70":{"start":{"line":71,"column":0},"end":{"line":71,"column":64}},"71":{"start":{"line":72,"column":0},"end":{"line":72,"column":25}},"72":{"start":{"line":73,"column":0},"end":{"line":73,"column":36}},"73":{"start":{"line":74,"column":0},"end":{"line":74,"column":57}},"74":{"start":{"line":75,"column":0},"end":{"line":75,"column":3}},"75":{"start":{"line":76,"column":0},"end":{"line":76,"column":15}},"76":{"start":{"line":77,"column":0},"end":{"line":77,"column":23}},"77":{"start":{"line":78,"column":0},"end":{"line":78,"column":3}},"78":{"start":{"line":79,"column":0},"end":{"line":79,"column":31}},"79":{"start":{"line":80,"column":0},"end":{"line":80,"column":62}},"80":{"start":{"line":81,"column":0},"end":{"line":81,"column":1}},"81":{"start":{"line":82,"column":0},"end":{"line":82,"column":0}},"82":{"start":{"line":83,"column":0},"end":{"line":83,"column":61}},"83":{"start":{"line":84,"column":0},"end":{"line":84,"column":25}},"84":{"start":{"line":85,"column":0},"end":{"line":85,"column":33}},"85":{"start":{"line":86,"column":0},"end":{"line":86,"column":31}},"86":{"start":{"line":87,"column":0},"end":{"line":87,"column":56}},"87":{"start":{"line":88,"column":0},"end":{"line":88,"column":31}},"88":{"start":{"line":89,"column":0},"end":{"line":89,"column":3}},"89":{"start":{"line":90,"column":0},"end":{"line":90,"column":15}},"90":{"start":{"line":91,"column":0},"end":{"line":91,"column":23}},"91":{"start":{"line":92,"column":0},"end":{"line":92,"column":3}},"92":{"start":{"line":93,"column":0},"end":{"line":93,"column":31}},"93":{"start":{"line":94,"column":0},"end":{"line":94,"column":59}},"94":{"start":{"line":95,"column":0},"end":{"line":95,"column":1}},"95":{"start":{"line":96,"column":0},"end":{"line":96,"column":0}},"96":{"start":{"line":97,"column":0},"end":{"line":97,"column":58}},"97":{"start":{"line":98,"column":0},"end":{"line":98,"column":25}},"98":{"start":{"line":99,"column":0},"end":{"line":99,"column":30}},"99":{"start":{"line":100,"column":0},"end":{"line":100,"column":53}},"100":{"start":{"line":101,"column":0},"end":{"line":101,"column":44}},"101":{"start":{"line":102,"column":0},"end":{"line":102,"column":22}},"102":{"start":{"line":103,"column":0},"end":{"line":103,"column":81}},"103":{"start":{"line":104,"column":0},"end":{"line":104,"column":8}},"104":{"start":{"line":105,"column":0},"end":{"line":105,"column":23}},"105":{"start":{"line":106,"column":0},"end":{"line":106,"column":3}},"106":{"start":{"line":107,"column":0},"end":{"line":107,"column":15}},"107":{"start":{"line":108,"column":0},"end":{"line":108,"column":23}},"108":{"start":{"line":109,"column":0},"end":{"line":109,"column":3}},"109":{"start":{"line":110,"column":0},"end":{"line":110,"column":31}},"110":{"start":{"line":111,"column":0},"end":{"line":111,"column":56}},"111":{"start":{"line":112,"column":0},"end":{"line":112,"column":1}},"112":{"start":{"line":113,"column":0},"end":{"line":113,"column":0}},"113":{"start":{"line":114,"column":0},"end":{"line":114,"column":66}},"114":{"start":{"line":115,"column":0},"end":{"line":115,"column":30}},"115":{"start":{"line":116,"column":0},"end":{"line":116,"column":14}},"116":{"start":{"line":117,"column":0},"end":{"line":117,"column":20}},"117":{"start":{"line":118,"column":0},"end":{"line":118,"column":20}},"118":{"start":{"line":119,"column":0},"end":{"line":119,"column":24}},"119":{"start":{"line":120,"column":0},"end":{"line":120,"column":21}},"120":{"start":{"line":121,"column":0},"end":{"line":121,"column":18}},"121":{"start":{"line":122,"column":0},"end":{"line":122,"column":20}},"122":{"start":{"line":123,"column":0},"end":{"line":123,"column":5}},"123":{"start":{"line":124,"column":0},"end":{"line":124,"column":60}},"124":{"start":{"line":125,"column":0},"end":{"line":125,"column":22}},"125":{"start":{"line":126,"column":0},"end":{"line":126,"column":79}},"126":{"start":{"line":127,"column":0},"end":{"line":127,"column":8}},"127":{"start":{"line":128,"column":0},"end":{"line":128,"column":19}},"128":{"start":{"line":129,"column":0},"end":{"line":129,"column":13}},"129":{"start":{"line":130,"column":0},"end":{"line":130,"column":13}},"130":{"start":{"line":131,"column":0},"end":{"line":131,"column":35}},"131":{"start":{"line":132,"column":0},"end":{"line":132,"column":14}},"132":{"start":{"line":133,"column":0},"end":{"line":133,"column":11}},"133":{"start":{"line":134,"column":0},"end":{"line":134,"column":14}},"134":{"start":{"line":135,"column":0},"end":{"line":135,"column":6}},"135":{"start":{"line":136,"column":0},"end":{"line":136,"column":3}},"136":{"start":{"line":137,"column":0},"end":{"line":137,"column":15}},"137":{"start":{"line":138,"column":0},"end":{"line":138,"column":23}},"138":{"start":{"line":139,"column":0},"end":{"line":139,"column":3}},"139":{"start":{"line":140,"column":0},"end":{"line":140,"column":31}},"140":{"start":{"line":141,"column":0},"end":{"line":141,"column":31}},"141":{"start":{"line":142,"column":0},"end":{"line":142,"column":47}},"142":{"start":{"line":143,"column":0},"end":{"line":143,"column":47}},"143":{"start":{"line":144,"column":0},"end":{"line":144,"column":55}},"144":{"start":{"line":145,"column":0},"end":{"line":145,"column":49}},"145":{"start":{"line":146,"column":0},"end":{"line":146,"column":43}},"146":{"start":{"line":147,"column":0},"end":{"line":147,"column":47}},"147":{"start":{"line":148,"column":0},"end":{"line":148,"column":1}}},"s":{"0":1,"1":1,"2":1,"3":1,"4":1,"5":11,"6":10,"7":10,"8":1,"9":10,"10":10,"11":1,"12":4,"13":1,"14":1,"15":1,"16":1,"17":1,"18":11,"19":10,"20":10,"21":1,"22":10,"23":10,"24":1,"25":4,"26":1,"27":1,"28":1,"29":1,"30":1,"31":16,"32":14,"33":14,"34":14,"35":14,"36":16,"37":16,"38":16,"39":16,"40":16,"41":16,"42":16,"43":16,"44":16,"45":16,"46":12,"47":12,"48":12,"49":1,"50":12,"51":12,"52":1,"53":4,"54":1,"55":1,"56":1,"57":1,"58":1,"59":14,"60":14,"61":10,"62":10,"63":1,"64":10,"65":10,"66":1,"67":4,"68":1,"69":1,"70":1,"71":1,"72":1,"73":11,"74":11,"75":1,"76":7,"77":7,"78":1,"79":2,"80":1,"81":1,"82":1,"83":1,"84":1,"85":9,"86":9,"87":9,"88":9,"89":1,"90":5,"91":5,"92":1,"93":1,"94":1,"95":1,"96":1,"97":1,"98":1,"99":40,"100":40,"101":40,"102":38,"103":38,"104":38,"105":38,"106":1,"107":18,"108":18,"109":1,"110":5,"111":1,"112":1,"113":1,"114":1,"115":1,"116":12,"117":12,"118":12,"119":12,"120":12,"121":12,"122":12,"123":12,"124":12,"125":11,"126":11,"127":11,"128":11,"129":11,"130":11,"131":12,"132":12,"133":12,"134":12,"135":12,"136":1,"137":33,"138":33,"139":1,"140":2,"141":1,"142":1,"143":1,"144":1,"145":1,"146":1,"147":1},"branchMap":{"0":{"type":"branch","line":5,"loc":{"start":{"line":5,"column":2},"end":{"line":8,"column":3}},"locations":[{"start":{"line":5,"column":2},"end":{"line":8,"column":3}}]},"1":{"type":"branch","line":6,"loc":{"start":{"line":6,"column":13},"end":{"line":6,"column":19}},"locations":[{"start":{"line":6,"column":13},"end":{"line":6,"column":19}}]},"2":{"type":"branch","line":6,"loc":{"start":{"line":6,"column":13},"end":{"line":8,"column":3}},"locations":[{"start":{"line":6,"column":13},"end":{"line":8,"column":3}}]},"3":{"type":"branch","line":9,"loc":{"start":{"line":9,"column":11},"end":{"line":11,"column":3}},"locations":[{"start":{"line":9,"column":11},"end":{"line":11,"column":3}}]},"4":{"type":"branch","line":12,"loc":{"start":{"line":12,"column":2},"end":{"line":13,"column":60}},"locations":[{"start":{"line":12,"column":2},"end":{"line":13,"column":60}}]},"5":{"type":"branch","line":12,"loc":{"start":{"line":12,"column":13},"end":{"line":13,"column":60}},"locations":[{"start":{"line":12,"column":13},"end":{"line":13,"column":60}}]},"6":{"type":"branch","line":18,"loc":{"start":{"line":18,"column":2},"end":{"line":21,"column":3}},"locations":[{"start":{"line":18,"column":2},"end":{"line":21,"column":3}}]},"7":{"type":"branch","line":19,"loc":{"start":{"line":19,"column":25},"end":{"line":19,"column":31}},"locations":[{"start":{"line":19,"column":25},"end":{"line":19,"column":31}}]},"8":{"type":"branch","line":19,"loc":{"start":{"line":19,"column":25},"end":{"line":21,"column":3}},"locations":[{"start":{"line":19,"column":25},"end":{"line":21,"column":3}}]},"9":{"type":"branch","line":22,"loc":{"start":{"line":22,"column":11},"end":{"line":24,"column":3}},"locations":[{"start":{"line":22,"column":11},"end":{"line":24,"column":3}}]},"10":{"type":"branch","line":25,"loc":{"start":{"line":25,"column":2},"end":{"line":26,"column":66}},"locations":[{"start":{"line":25,"column":2},"end":{"line":26,"column":66}}]},"11":{"type":"branch","line":25,"loc":{"start":{"line":25,"column":13},"end":{"line":26,"column":66}},"locations":[{"start":{"line":25,"column":13},"end":{"line":26,"column":66}}]},"12":{"type":"branch","line":31,"loc":{"start":{"line":31,"column":2},"end":{"line":49,"column":3}},"locations":[{"start":{"line":31,"column":2},"end":{"line":49,"column":3}}]},"13":{"type":"branch","line":32,"loc":{"start":{"line":32,"column":20},"end":{"line":32,"column":26}},"locations":[{"start":{"line":32,"column":20},"end":{"line":32,"column":26}}]},"14":{"type":"branch","line":32,"loc":{"start":{"line":32,"column":20},"end":{"line":37,"column":17}},"locations":[{"start":{"line":32,"column":20},"end":{"line":37,"column":17}}]},"15":{"type":"branch","line":42,"loc":{"start":{"line":42,"column":20},"end":{"line":43,"column":17}},"locations":[{"start":{"line":42,"column":20},"end":{"line":43,"column":17}}]},"16":{"type":"branch","line":46,"loc":{"start":{"line":46,"column":25},"end":{"line":46,"column":31}},"locations":[{"start":{"line":46,"column":25},"end":{"line":46,"column":31}}]},"17":{"type":"branch","line":46,"loc":{"start":{"line":46,"column":25},"end":{"line":49,"column":3}},"locations":[{"start":{"line":46,"column":25},"end":{"line":49,"column":3}}]},"18":{"type":"branch","line":50,"loc":{"start":{"line":50,"column":11},"end":{"line":52,"column":3}},"locations":[{"start":{"line":50,"column":11},"end":{"line":52,"column":3}}]},"19":{"type":"branch","line":53,"loc":{"start":{"line":53,"column":2},"end":{"line":54,"column":61}},"locations":[{"start":{"line":53,"column":2},"end":{"line":54,"column":61}}]},"20":{"type":"branch","line":53,"loc":{"start":{"line":53,"column":13},"end":{"line":54,"column":61}},"locations":[{"start":{"line":53,"column":13},"end":{"line":54,"column":61}}]},"21":{"type":"branch","line":59,"loc":{"start":{"line":59,"column":2},"end":{"line":63,"column":3}},"locations":[{"start":{"line":59,"column":2},"end":{"line":63,"column":3}}]},"22":{"type":"branch","line":60,"loc":{"start":{"line":60,"column":14},"end":{"line":60,"column":22}},"locations":[{"start":{"line":60,"column":14},"end":{"line":60,"column":22}}]},"23":{"type":"branch","line":61,"loc":{"start":{"line":61,"column":6},"end":{"line":61,"column":12}},"locations":[{"start":{"line":61,"column":6},"end":{"line":61,"column":12}}]},"24":{"type":"branch","line":61,"loc":{"start":{"line":61,"column":6},"end":{"line":63,"column":3}},"locations":[{"start":{"line":61,"column":6},"end":{"line":63,"column":3}}]},"25":{"type":"branch","line":64,"loc":{"start":{"line":64,"column":11},"end":{"line":66,"column":3}},"locations":[{"start":{"line":64,"column":11},"end":{"line":66,"column":3}}]},"26":{"type":"branch","line":67,"loc":{"start":{"line":67,"column":2},"end":{"line":68,"column":57}},"locations":[{"start":{"line":67,"column":2},"end":{"line":68,"column":57}}]},"27":{"type":"branch","line":67,"loc":{"start":{"line":67,"column":13},"end":{"line":68,"column":57}},"locations":[{"start":{"line":67,"column":13},"end":{"line":68,"column":57}}]},"28":{"type":"branch","line":73,"loc":{"start":{"line":73,"column":2},"end":{"line":75,"column":3}},"locations":[{"start":{"line":73,"column":2},"end":{"line":75,"column":3}}]},"29":{"type":"branch","line":74,"loc":{"start":{"line":74,"column":28},"end":{"line":74,"column":57}},"locations":[{"start":{"line":74,"column":28},"end":{"line":74,"column":57}}]},"30":{"type":"branch","line":76,"loc":{"start":{"line":76,"column":11},"end":{"line":78,"column":3}},"locations":[{"start":{"line":76,"column":11},"end":{"line":78,"column":3}}]},"31":{"type":"branch","line":79,"loc":{"start":{"line":79,"column":2},"end":{"line":80,"column":62}},"locations":[{"start":{"line":79,"column":2},"end":{"line":80,"column":62}}]},"32":{"type":"branch","line":79,"loc":{"start":{"line":79,"column":13},"end":{"line":80,"column":62}},"locations":[{"start":{"line":79,"column":13},"end":{"line":80,"column":62}}]},"33":{"type":"branch","line":85,"loc":{"start":{"line":85,"column":2},"end":{"line":89,"column":3}},"locations":[{"start":{"line":85,"column":2},"end":{"line":89,"column":3}}]},"34":{"type":"branch","line":86,"loc":{"start":{"line":86,"column":15},"end":{"line":86,"column":31}},"locations":[{"start":{"line":86,"column":15},"end":{"line":86,"column":31}}]},"35":{"type":"branch","line":87,"loc":{"start":{"line":87,"column":6},"end":{"line":87,"column":12}},"locations":[{"start":{"line":87,"column":6},"end":{"line":87,"column":12}}]},"36":{"type":"branch","line":87,"loc":{"start":{"line":87,"column":6},"end":{"line":88,"column":29}},"locations":[{"start":{"line":87,"column":6},"end":{"line":88,"column":29}}]},"37":{"type":"branch","line":88,"loc":{"start":{"line":88,"column":25},"end":{"line":88,"column":31}},"locations":[{"start":{"line":88,"column":25},"end":{"line":88,"column":31}}]},"38":{"type":"branch","line":90,"loc":{"start":{"line":90,"column":11},"end":{"line":92,"column":3}},"locations":[{"start":{"line":90,"column":11},"end":{"line":92,"column":3}}]},"39":{"type":"branch","line":93,"loc":{"start":{"line":93,"column":2},"end":{"line":94,"column":59}},"locations":[{"start":{"line":93,"column":2},"end":{"line":94,"column":59}}]},"40":{"type":"branch","line":93,"loc":{"start":{"line":93,"column":13},"end":{"line":94,"column":59}},"locations":[{"start":{"line":93,"column":13},"end":{"line":94,"column":59}}]},"41":{"type":"branch","line":99,"loc":{"start":{"line":99,"column":2},"end":{"line":106,"column":3}},"locations":[{"start":{"line":99,"column":2},"end":{"line":106,"column":3}}]},"42":{"type":"branch","line":100,"loc":{"start":{"line":100,"column":15},"end":{"line":100,"column":21}},"locations":[{"start":{"line":100,"column":15},"end":{"line":100,"column":21}}]},"43":{"type":"branch","line":100,"loc":{"start":{"line":100,"column":15},"end":{"line":101,"column":8}},"locations":[{"start":{"line":100,"column":15},"end":{"line":101,"column":8}}]},"44":{"type":"branch","line":102,"loc":{"start":{"line":102,"column":6},"end":{"line":102,"column":12}},"locations":[{"start":{"line":102,"column":6},"end":{"line":102,"column":12}}]},"45":{"type":"branch","line":102,"loc":{"start":{"line":102,"column":6},"end":{"line":106,"column":3}},"locations":[{"start":{"line":102,"column":6},"end":{"line":106,"column":3}}]},"46":{"type":"branch","line":107,"loc":{"start":{"line":107,"column":11},"end":{"line":109,"column":3}},"locations":[{"start":{"line":107,"column":11},"end":{"line":109,"column":3}}]},"47":{"type":"branch","line":110,"loc":{"start":{"line":110,"column":2},"end":{"line":111,"column":56}},"locations":[{"start":{"line":110,"column":2},"end":{"line":111,"column":56}}]},"48":{"type":"branch","line":110,"loc":{"start":{"line":110,"column":13},"end":{"line":111,"column":56}},"locations":[{"start":{"line":110,"column":13},"end":{"line":111,"column":56}}]},"49":{"type":"branch","line":116,"loc":{"start":{"line":116,"column":2},"end":{"line":136,"column":3}},"locations":[{"start":{"line":116,"column":2},"end":{"line":136,"column":3}}]},"50":{"type":"branch","line":124,"loc":{"start":{"line":124,"column":8},"end":{"line":124,"column":30}},"locations":[{"start":{"line":124,"column":8},"end":{"line":124,"column":30}}]},"51":{"type":"branch","line":124,"loc":{"start":{"line":124,"column":8},"end":{"line":124,"column":42}},"locations":[{"start":{"line":124,"column":8},"end":{"line":124,"column":42}}]},"52":{"type":"branch","line":124,"loc":{"start":{"line":124,"column":8},"end":{"line":124,"column":51}},"locations":[{"start":{"line":124,"column":8},"end":{"line":124,"column":51}}]},"53":{"type":"branch","line":124,"loc":{"start":{"line":124,"column":8},"end":{"line":124,"column":60}},"locations":[{"start":{"line":124,"column":8},"end":{"line":124,"column":60}}]},"54":{"type":"branch","line":125,"loc":{"start":{"line":125,"column":6},"end":{"line":125,"column":12}},"locations":[{"start":{"line":125,"column":6},"end":{"line":125,"column":12}}]},"55":{"type":"branch","line":125,"loc":{"start":{"line":125,"column":6},"end":{"line":131,"column":35}},"locations":[{"start":{"line":125,"column":6},"end":{"line":131,"column":35}}]},"56":{"type":"branch","line":137,"loc":{"start":{"line":137,"column":11},"end":{"line":139,"column":3}},"locations":[{"start":{"line":137,"column":11},"end":{"line":139,"column":3}}]},"57":{"type":"branch","line":140,"loc":{"start":{"line":140,"column":2},"end":{"line":147,"column":47}},"locations":[{"start":{"line":140,"column":2},"end":{"line":147,"column":47}}]},"58":{"type":"branch","line":140,"loc":{"start":{"line":140,"column":13},"end":{"line":147,"column":47}},"locations":[{"start":{"line":140,"column":13},"end":{"line":147,"column":47}}]},"59":{"type":"branch","line":141,"loc":{"start":{"line":141,"column":4},"end":{"line":146,"column":43}},"locations":[{"start":{"line":141,"column":4},"end":{"line":146,"column":43}}]},"60":{"type":"branch","line":141,"loc":{"start":{"line":141,"column":4},"end":{"line":147,"column":47}},"locations":[{"start":{"line":141,"column":4},"end":{"line":147,"column":47}}]}},"b":{"0":[11],"1":[1],"2":[10],"3":[10],"4":[11],"5":[4],"6":[11],"7":[1],"8":[10],"9":[10],"10":[11],"11":[4],"12":[16],"13":[2],"14":[14],"15":[8],"16":[2],"17":[12],"18":[12],"19":[16],"20":[4],"21":[14],"22":[13],"23":[4],"24":[10],"25":[10],"26":[14],"27":[4],"28":[11],"29":[7],"30":[7],"31":[11],"32":[2],"33":[9],"34":[2],"35":[1],"36":[8],"37":[7],"38":[5],"39":[9],"40":[1],"41":[40],"42":[1],"43":[39],"44":[1],"45":[38],"46":[18],"47":[40],"48":[5],"49":[12],"50":[11],"51":[11],"52":[11],"53":[11],"54":[1],"55":[11],"56":[33],"57":[12],"58":[2],"59":[1],"60":[1]},"fnMap":{"0":{"name":"UniqueId","decl":{"start":{"line":5,"column":2},"end":{"line":8,"column":3}},"loc":{"start":{"line":5,"column":2},"end":{"line":8,"column":3}},"line":5},"1":{"name":"get value","decl":{"start":{"line":9,"column":11},"end":{"line":11,"column":3}},"loc":{"start":{"line":9,"column":11},"end":{"line":11,"column":3}},"line":9},"2":{"name":"<instance_members_initializer>","decl":{"start":{"line":12,"column":2},"end":{"line":13,"column":60}},"loc":{"start":{"line":12,"column":2},"end":{"line":13,"column":60}},"line":12},"3":{"name":"isEqual","decl":{"start":{"line":12,"column":13},"end":{"line":13,"column":60}},"loc":{"start":{"line":12,"column":13},"end":{"line":13,"column":60}},"line":12},"4":{"name":"RegistrationId","decl":{"start":{"line":18,"column":2},"end":{"line":21,"column":3}},"loc":{"start":{"line":18,"column":2},"end":{"line":21,"column":3}},"line":18},"5":{"name":"get value","decl":{"start":{"line":22,"column":11},"end":{"line":24,"column":3}},"loc":{"start":{"line":22,"column":11},"end":{"line":24,"column":3}},"line":22},"6":{"name":"<instance_members_initializer>","decl":{"start":{"line":25,"column":2},"end":{"line":26,"column":66}},"loc":{"start":{"line":25,"column":2},"end":{"line":26,"column":66}},"line":25},"7":{"name":"isEqual","decl":{"start":{"line":25,"column":13},"end":{"line":26,"column":66}},"loc":{"start":{"line":25,"column":13},"end":{"line":26,"column":66}},"line":25},"8":{"name":"IPAddress","decl":{"start":{"line":31,"column":2},"end":{"line":49,"column":3}},"loc":{"start":{"line":31,"column":2},"end":{"line":49,"column":3}},"line":31},"9":{"name":"get value","decl":{"start":{"line":50,"column":11},"end":{"line":52,"column":3}},"loc":{"start":{"line":50,"column":11},"end":{"line":52,"column":3}},"line":50},"10":{"name":"<instance_members_initializer>","decl":{"start":{"line":53,"column":2},"end":{"line":54,"column":61}},"loc":{"start":{"line":53,"column":2},"end":{"line":54,"column":61}},"line":53},"11":{"name":"isEqual","decl":{"start":{"line":53,"column":13},"end":{"line":54,"column":61}},"loc":{"start":{"line":53,"column":13},"end":{"line":54,"column":61}},"line":53},"12":{"name":"Siret","decl":{"start":{"line":59,"column":2},"end":{"line":63,"column":3}},"loc":{"start":{"line":59,"column":2},"end":{"line":63,"column":3}},"line":59},"13":{"name":"get value","decl":{"start":{"line":64,"column":11},"end":{"line":66,"column":3}},"loc":{"start":{"line":64,"column":11},"end":{"line":66,"column":3}},"line":64},"14":{"name":"<instance_members_initializer>","decl":{"start":{"line":67,"column":2},"end":{"line":68,"column":57}},"loc":{"start":{"line":67,"column":2},"end":{"line":68,"column":57}},"line":67},"15":{"name":"isEqual","decl":{"start":{"line":67,"column":13},"end":{"line":68,"column":57}},"loc":{"start":{"line":67,"column":13},"end":{"line":68,"column":57}},"line":67},"16":{"name":"PictureURL","decl":{"start":{"line":73,"column":2},"end":{"line":75,"column":3}},"loc":{"start":{"line":73,"column":2},"end":{"line":75,"column":3}},"line":73},"17":{"name":"get value","decl":{"start":{"line":76,"column":11},"end":{"line":78,"column":3}},"loc":{"start":{"line":76,"column":11},"end":{"line":78,"column":3}},"line":76},"18":{"name":"<instance_members_initializer>","decl":{"start":{"line":79,"column":2},"end":{"line":80,"column":62}},"loc":{"start":{"line":79,"column":2},"end":{"line":80,"column":62}},"line":79},"19":{"name":"isEqual","decl":{"start":{"line":79,"column":13},"end":{"line":80,"column":62}},"loc":{"start":{"line":79,"column":13},"end":{"line":80,"column":62}},"line":79},"20":{"name":"Mileage","decl":{"start":{"line":85,"column":2},"end":{"line":89,"column":3}},"loc":{"start":{"line":85,"column":2},"end":{"line":89,"column":3}},"line":85},"21":{"name":"get value","decl":{"start":{"line":90,"column":11},"end":{"line":92,"column":3}},"loc":{"start":{"line":90,"column":11},"end":{"line":92,"column":3}},"line":90},"22":{"name":"<instance_members_initializer>","decl":{"start":{"line":93,"column":2},"end":{"line":94,"column":59}},"loc":{"start":{"line":93,"column":2},"end":{"line":94,"column":59}},"line":93},"23":{"name":"isEqual","decl":{"start":{"line":93,"column":13},"end":{"line":94,"column":59}},"loc":{"start":{"line":93,"column":13},"end":{"line":94,"column":59}},"line":93},"24":{"name":"Name","decl":{"start":{"line":99,"column":2},"end":{"line":106,"column":3}},"loc":{"start":{"line":99,"column":2},"end":{"line":106,"column":3}},"line":99},"25":{"name":"get value","decl":{"start":{"line":107,"column":11},"end":{"line":109,"column":3}},"loc":{"start":{"line":107,"column":11},"end":{"line":109,"column":3}},"line":107},"26":{"name":"<instance_members_initializer>","decl":{"start":{"line":110,"column":2},"end":{"line":111,"column":56}},"loc":{"start":{"line":110,"column":2},"end":{"line":111,"column":56}},"line":110},"27":{"name":"isEqual","decl":{"start":{"line":110,"column":13},"end":{"line":111,"column":56}},"loc":{"start":{"line":110,"column":13},"end":{"line":111,"column":56}},"line":110},"28":{"name":"Address","decl":{"start":{"line":116,"column":2},"end":{"line":136,"column":3}},"loc":{"start":{"line":116,"column":2},"end":{"line":136,"column":3}},"line":116},"29":{"name":"get value","decl":{"start":{"line":137,"column":11},"end":{"line":139,"column":3}},"loc":{"start":{"line":137,"column":11},"end":{"line":139,"column":3}},"line":137},"30":{"name":"<instance_members_initializer>","decl":{"start":{"line":140,"column":2},"end":{"line":147,"column":47}},"loc":{"start":{"line":140,"column":2},"end":{"line":147,"column":47}},"line":140},"31":{"name":"isEqual","decl":{"start":{"line":140,"column":13},"end":{"line":147,"column":47}},"loc":{"start":{"line":140,"column":13},"end":{"line":147,"column":47}},"line":140}},"f":{"0":11,"1":10,"2":11,"3":4,"4":11,"5":10,"6":11,"7":4,"8":16,"9":12,"10":16,"11":4,"12":14,"13":10,"14":14,"15":4,"16":11,"17":7,"18":11,"19":2,"20":9,"21":5,"22":9,"23":1,"24":40,"25":18,"26":40,"27":5,"28":12,"29":33,"30":12,"31":2}}
,"/home/sylvain/autresProjets/cart-rent/car-rent-server/domain/Aggregates/Model.ts": {"path":"/home/sylvain/autresProjets/cart-rent/car-rent-server/domain/Aggregates/Model.ts","all":false,"statementMap":{"0":{"start":{"line":1,"column":0},"end":{"line":1,"column":47}},"1":{"start":{"line":2,"column":0},"end":{"line":2,"column":39}},"2":{"start":{"line":3,"column":0},"end":{"line":3,"column":0}},"3":{"start":{"line":4,"column":0},"end":{"line":4,"column":18}},"4":{"start":{"line":5,"column":0},"end":{"line":5,"column":13}},"5":{"start":{"line":6,"column":0},"end":{"line":6,"column":14}},"6":{"start":{"line":7,"column":0},"end":{"line":7,"column":1}},"7":{"start":{"line":8,"column":0},"end":{"line":8,"column":59}},"8":{"start":{"line":9,"column":0},"end":{"line":9,"column":25}},"9":{"start":{"line":10,"column":0},"end":{"line":10,"column":46}},"10":{"start":{"line":11,"column":0},"end":{"line":11,"column":19}},"11":{"start":{"line":12,"column":0},"end":{"line":12,"column":27}},"12":{"start":{"line":13,"column":0},"end":{"line":13,"column":29}},"13":{"start":{"line":14,"column":0},"end":{"line":14,"column":6}},"14":{"start":{"line":15,"column":0},"end":{"line":15,"column":3}},"15":{"start":{"line":16,"column":0},"end":{"line":16,"column":14}},"16":{"start":{"line":17,"column":0},"end":{"line":17,"column":28}},"17":{"start":{"line":18,"column":0},"end":{"line":18,"column":3}},"18":{"start":{"line":19,"column":0},"end":{"line":19,"column":15}},"19":{"start":{"line":20,"column":0},"end":{"line":20,"column":29}},"20":{"start":{"line":21,"column":0},"end":{"line":21,"column":3}},"21":{"start":{"line":22,"column":0},"end":{"line":22,"column":33}},"22":{"start":{"line":23,"column":0},"end":{"line":23,"column":8}},"23":{"start":{"line":24,"column":0},"end":{"line":24,"column":31}},"24":{"start":{"line":25,"column":0},"end":{"line":25,"column":38}},"25":{"start":{"line":26,"column":0},"end":{"line":26,"column":37}},"26":{"start":{"line":27,"column":0},"end":{"line":27,"column":5}},"27":{"start":{"line":28,"column":0},"end":{"line":28,"column":18}},"28":{"start":{"line":29,"column":0},"end":{"line":29,"column":17}},"29":{"start":{"line":30,"column":0},"end":{"line":30,"column":4}},"30":{"start":{"line":31,"column":0},"end":{"line":31,"column":1}}},"s":{"0":1,"1":1,"2":1,"3":1,"4":1,"5":1,"6":1,"7":1,"8":1,"9":1,"10":9,"11":9,"12":9,"13":9,"14":9,"15":1,"16":6,"17":6,"18":1,"19":4,"20":4,"21":1,"22":2,"23":2,"24":1,"25":2,"26":2,"27":2,"28":1,"29":1,"30":1},"branchMap":{"0":{"type":"branch","line":10,"loc":{"start":{"line":10,"column":2},"end":{"line":15,"column":3}},"locations":[{"start":{"line":10,"column":2},"end":{"line":15,"column":3}}]},"1":{"type":"branch","line":16,"loc":{"start":{"line":16,"column":10},"end":{"line":18,"column":3}},"locations":[{"start":{"line":16,"column":10},"end":{"line":18,"column":3}}]},"2":{"type":"branch","line":19,"loc":{"start":{"line":19,"column":11},"end":{"line":21,"column":3}},"locations":[{"start":{"line":19,"column":11},"end":{"line":21,"column":3}}]},"3":{"type":"branch","line":22,"loc":{"start":{"line":22,"column":2},"end":{"line":30,"column":4}},"locations":[{"start":{"line":22,"column":2},"end":{"line":30,"column":4}}]},"4":{"type":"branch","line":22,"loc":{"start":{"line":22,"column":13},"end":{"line":30,"column":4}},"locations":[{"start":{"line":22,"column":13},"end":{"line":30,"column":4}}]},"5":{"type":"branch","line":24,"loc":{"start":{"line":24,"column":6},"end":{"line":26,"column":11}},"locations":[{"start":{"line":24,"column":6},"end":{"line":26,"column":11}}]},"6":{"type":"branch","line":28,"loc":{"start":{"line":28,"column":6},"end":{"line":30,"column":4}},"locations":[{"start":{"line":28,"column":6},"end":{"line":30,"column":4}}]}},"b":{"0":[9],"1":[6],"2":[4],"3":[9],"4":[2],"5":[1],"6":[1]},"fnMap":{"0":{"name":"Model","decl":{"start":{"line":10,"column":2},"end":{"line":15,"column":3}},"loc":{"start":{"line":10,"column":2},"end":{"line":15,"column":3}},"line":10},"1":{"name":"get name","decl":{"start":{"line":16,"column":10},"end":{"line":18,"column":3}},"loc":{"start":{"line":16,"column":10},"end":{"line":18,"column":3}},"line":16},"2":{"name":"get brand","decl":{"start":{"line":19,"column":11},"end":{"line":21,"column":3}},"loc":{"start":{"line":19,"column":11},"end":{"line":21,"column":3}},"line":19},"3":{"name":"<instance_members_initializer>","decl":{"start":{"line":22,"column":2},"end":{"line":30,"column":4}},"loc":{"start":{"line":22,"column":2},"end":{"line":30,"column":4}},"line":22},"4":{"name":"isEqual","decl":{"start":{"line":22,"column":13},"end":{"line":30,"column":4}},"loc":{"start":{"line":22,"column":13},"end":{"line":30,"column":4}},"line":22}},"f":{"0":9,"1":6,"2":4,"3":9,"4":2}}
,"/home/sylvain/autresProjets/cart-rent/car-rent-server/domain/Aggregates/Prospect.ts": {"path":"/home/sylvain/autresProjets/cart-rent/car-rent-server/domain/Aggregates/Prospect.ts","all":false,"statementMap":{"0":{"start":{"line":1,"column":0},"end":{"line":1,"column":47}},"1":{"start":{"line":2,"column":0},"end":{"line":2,"column":44}},"2":{"start":{"line":3,"column":0},"end":{"line":3,"column":0}},"3":{"start":{"line":4,"column":0},"end":{"line":4,"column":21}},"4":{"start":{"line":5,"column":0},"end":{"line":5,"column":16}},"5":{"start":{"line":6,"column":0},"end":{"line":6,"column":1}},"6":{"start":{"line":7,"column":0},"end":{"line":7,"column":0}},"7":{"start":{"line":8,"column":0},"end":{"line":8,"column":65}},"8":{"start":{"line":9,"column":0},"end":{"line":9,"column":28}},"9":{"start":{"line":10,"column":0},"end":{"line":10,"column":35}},"10":{"start":{"line":11,"column":0},"end":{"line":11,"column":19}},"11":{"start":{"line":12,"column":0},"end":{"line":12,"column":35}},"12":{"start":{"line":13,"column":0},"end":{"line":13,"column":6}},"13":{"start":{"line":14,"column":0},"end":{"line":14,"column":3}},"14":{"start":{"line":15,"column":0},"end":{"line":15,"column":15}},"15":{"start":{"line":16,"column":0},"end":{"line":16,"column":23}},"16":{"start":{"line":17,"column":0},"end":{"line":17,"column":3}},"17":{"start":{"line":18,"column":0},"end":{"line":18,"column":12}},"18":{"start":{"line":19,"column":0},"end":{"line":19,"column":26}},"19":{"start":{"line":20,"column":0},"end":{"line":20,"column":3}},"20":{"start":{"line":21,"column":0},"end":{"line":21,"column":33}},"21":{"start":{"line":22,"column":0},"end":{"line":22,"column":76}},"22":{"start":{"line":23,"column":0},"end":{"line":23,"column":17}},"23":{"start":{"line":24,"column":0},"end":{"line":24,"column":4}},"24":{"start":{"line":25,"column":0},"end":{"line":25,"column":1}}},"s":{"0":1,"1":1,"2":1,"3":1,"4":1,"5":1,"6":1,"7":1,"8":1,"9":1,"10":8,"11":8,"12":8,"13":8,"14":1,"15":2,"16":2,"17":1,"18":4,"19":4,"20":1,"21":2,"22":1,"23":1,"24":1},"branchMap":{"0":{"type":"branch","line":10,"loc":{"start":{"line":10,"column":2},"end":{"line":14,"column":3}},"locations":[{"start":{"line":10,"column":2},"end":{"line":14,"column":3}}]},"1":{"type":"branch","line":15,"loc":{"start":{"line":15,"column":11},"end":{"line":17,"column":3}},"locations":[{"start":{"line":15,"column":11},"end":{"line":17,"column":3}}]},"2":{"type":"branch","line":18,"loc":{"start":{"line":18,"column":8},"end":{"line":20,"column":3}},"locations":[{"start":{"line":18,"column":8},"end":{"line":20,"column":3}}]},"3":{"type":"branch","line":21,"loc":{"start":{"line":21,"column":2},"end":{"line":24,"column":4}},"locations":[{"start":{"line":21,"column":2},"end":{"line":24,"column":4}}]},"4":{"type":"branch","line":21,"loc":{"start":{"line":21,"column":13},"end":{"line":24,"column":4}},"locations":[{"start":{"line":21,"column":13},"end":{"line":24,"column":4}}]},"5":{"type":"branch","line":22,"loc":{"start":{"line":22,"column":64},"end":{"line":24,"column":4}},"locations":[{"start":{"line":22,"column":64},"end":{"line":24,"column":4}}]}},"b":{"0":[8],"1":[2],"2":[4],"3":[8],"4":[2],"5":[1]},"fnMap":{"0":{"name":"Prospect","decl":{"start":{"line":10,"column":2},"end":{"line":14,"column":3}},"loc":{"start":{"line":10,"column":2},"end":{"line":14,"column":3}},"line":10},"1":{"name":"get value","decl":{"start":{"line":15,"column":11},"end":{"line":17,"column":3}},"loc":{"start":{"line":15,"column":11},"end":{"line":17,"column":3}},"line":15},"2":{"name":"get id","decl":{"start":{"line":18,"column":8},"end":{"line":20,"column":3}},"loc":{"start":{"line":18,"column":8},"end":{"line":20,"column":3}},"line":18},"3":{"name":"<instance_members_initializer>","decl":{"start":{"line":21,"column":2},"end":{"line":24,"column":4}},"loc":{"start":{"line":21,"column":2},"end":{"line":24,"column":4}},"line":21},"4":{"name":"isEqual","decl":{"start":{"line":21,"column":13},"end":{"line":24,"column":4}},"loc":{"start":{"line":21,"column":13},"end":{"line":24,"column":4}},"line":21}},"f":{"0":8,"1":2,"2":4,"3":8,"4":2}}
,"/home/sylvain/autresProjets/cart-rent/car-rent-server/domain/Aggregates/Vehicule.ts": {"path":"/home/sylvain/autresProjets/cart-rent/car-rent-server/domain/Aggregates/Vehicule.ts","all":false,"statementMap":{"0":{"start":{"line":1,"column":0},"end":{"line":1,"column":32}},"1":{"start":{"line":2,"column":0},"end":{"line":2,"column":70}},"2":{"start":{"line":3,"column":0},"end":{"line":3,"column":47}},"3":{"start":{"line":4,"column":0},"end":{"line":4,"column":0}},"4":{"start":{"line":5,"column":0},"end":{"line":5,"column":21}},"5":{"start":{"line":6,"column":0},"end":{"line":6,"column":33}},"6":{"start":{"line":7,"column":0},"end":{"line":7,"column":15}},"7":{"start":{"line":8,"column":0},"end":{"line":8,"column":22}},"8":{"start":{"line":9,"column":0},"end":{"line":9,"column":30}},"9":{"start":{"line":10,"column":0},"end":{"line":10,"column":19}},"10":{"start":{"line":11,"column":0},"end":{"line":11,"column":1}},"11":{"start":{"line":12,"column":0},"end":{"line":12,"column":0}},"12":{"start":{"line":13,"column":0},"end":{"line":13,"column":65}},"13":{"start":{"line":14,"column":0},"end":{"line":14,"column":28}},"14":{"start":{"line":15,"column":0},"end":{"line":15,"column":0}},"15":{"start":{"line":16,"column":0},"end":{"line":16,"column":14}},"16":{"start":{"line":17,"column":0},"end":{"line":17,"column":28}},"17":{"start":{"line":18,"column":0},"end":{"line":18,"column":18}},"18":{"start":{"line":19,"column":0},"end":{"line":19,"column":33}},"19":{"start":{"line":20,"column":0},"end":{"line":20,"column":24}},"20":{"start":{"line":21,"column":0},"end":{"line":21,"column":20}},"21":{"start":{"line":22,"column":0},"end":{"line":22,"column":5}},"22":{"start":{"line":23,"column":0},"end":{"line":23,"column":41}},"23":{"start":{"line":24,"column":0},"end":{"line":24,"column":77}},"24":{"start":{"line":25,"column":0},"end":{"line":25,"column":63}},"25":{"start":{"line":26,"column":0},"end":{"line":26,"column":22}},"26":{"start":{"line":27,"column":0},"end":{"line":27,"column":67}},"27":{"start":{"line":28,"column":0},"end":{"line":28,"column":8}},"28":{"start":{"line":29,"column":0},"end":{"line":29,"column":19}},"29":{"start":{"line":30,"column":0},"end":{"line":30,"column":57}},"30":{"start":{"line":31,"column":0},"end":{"line":31,"column":12}},"31":{"start":{"line":32,"column":0},"end":{"line":32,"column":42}},"32":{"start":{"line":33,"column":0},"end":{"line":33,"column":36}},"33":{"start":{"line":34,"column":0},"end":{"line":34,"column":51}},"34":{"start":{"line":35,"column":0},"end":{"line":35,"column":6}},"35":{"start":{"line":36,"column":0},"end":{"line":36,"column":3}},"36":{"start":{"line":37,"column":0},"end":{"line":37,"column":0}},"37":{"start":{"line":38,"column":0},"end":{"line":38,"column":24}},"38":{"start":{"line":39,"column":0},"end":{"line":39,"column":38}},"39":{"start":{"line":40,"column":0},"end":{"line":40,"column":3}},"40":{"start":{"line":41,"column":0},"end":{"line":41,"column":15}},"41":{"start":{"line":42,"column":0},"end":{"line":42,"column":29}},"42":{"start":{"line":43,"column":0},"end":{"line":43,"column":3}},"43":{"start":{"line":44,"column":0},"end":{"line":44,"column":31}},"44":{"start":{"line":45,"column":0},"end":{"line":45,"column":45}},"45":{"start":{"line":46,"column":0},"end":{"line":46,"column":3}},"46":{"start":{"line":47,"column":0},"end":{"line":47,"column":17}},"47":{"start":{"line":48,"column":0},"end":{"line":48,"column":31}},"48":{"start":{"line":49,"column":0},"end":{"line":49,"column":3}},"49":{"start":{"line":50,"column":0},"end":{"line":50,"column":17}},"50":{"start":{"line":51,"column":0},"end":{"line":51,"column":31}},"51":{"start":{"line":52,"column":0},"end":{"line":52,"column":3}},"52":{"start":{"line":53,"column":0},"end":{"line":53,"column":0}},"53":{"start":{"line":54,"column":0},"end":{"line":54,"column":33}},"54":{"start":{"line":55,"column":0},"end":{"line":55,"column":8}},"55":{"start":{"line":56,"column":0},"end":{"line":56,"column":34}},"56":{"start":{"line":57,"column":0},"end":{"line":57,"column":55}},"57":{"start":{"line":58,"column":0},"end":{"line":58,"column":5}},"58":{"start":{"line":59,"column":0},"end":{"line":59,"column":18}},"59":{"start":{"line":60,"column":0},"end":{"line":60,"column":17}},"60":{"start":{"line":61,"column":0},"end":{"line":61,"column":4}},"61":{"start":{"line":62,"column":0},"end":{"line":62,"column":1}}},"s":{"0":1,"1":1,"2":1,"3":1,"4":1,"5":1,"6":1,"7":1,"8":1,"9":1,"10":1,"11":1,"12":1,"13":1,"14":1,"15":1,"16":7,"17":7,"18":7,"19":7,"20":7,"21":7,"22":7,"23":7,"24":7,"25":7,"26":5,"27":5,"28":5,"29":5,"30":5,"31":5,"32":5,"33":5,"34":5,"35":5,"36":1,"37":1,"38":5,"39":5,"40":1,"41":2,"42":2,"43":1,"44":1,"45":1,"46":1,"47":1,"48":1,"49":1,"50":1,"51":1,"52":1,"53":1,"54":2,"55":2,"56":2,"57":2,"58":2,"59":1,"60":1,"61":1},"branchMap":{"0":{"type":"branch","line":16,"loc":{"start":{"line":16,"column":2},"end":{"line":36,"column":3}},"locations":[{"start":{"line":16,"column":2},"end":{"line":36,"column":3}}]},"1":{"type":"branch","line":23,"loc":{"start":{"line":23,"column":8},"end":{"line":23,"column":41}},"locations":[{"start":{"line":23,"column":8},"end":{"line":23,"column":41}}]},"2":{"type":"branch","line":24,"loc":{"start":{"line":24,"column":6},"end":{"line":24,"column":12}},"locations":[{"start":{"line":24,"column":6},"end":{"line":24,"column":12}}]},"3":{"type":"branch","line":24,"loc":{"start":{"line":24,"column":6},"end":{"line":25,"column":8}},"locations":[{"start":{"line":24,"column":6},"end":{"line":25,"column":8}}]},"4":{"type":"branch","line":26,"loc":{"start":{"line":26,"column":6},"end":{"line":26,"column":12}},"locations":[{"start":{"line":26,"column":6},"end":{"line":26,"column":12}}]},"5":{"type":"branch","line":26,"loc":{"start":{"line":26,"column":6},"end":{"line":36,"column":3}},"locations":[{"start":{"line":26,"column":6},"end":{"line":36,"column":3}}]},"6":{"type":"branch","line":38,"loc":{"start":{"line":38,"column":20},"end":{"line":40,"column":3}},"locations":[{"start":{"line":38,"column":20},"end":{"line":40,"column":3}}]},"7":{"type":"branch","line":41,"loc":{"start":{"line":41,"column":11},"end":{"line":43,"column":3}},"locations":[{"start":{"line":41,"column":11},"end":{"line":43,"column":3}}]},"8":{"type":"branch","line":44,"loc":{"start":{"line":44,"column":27},"end":{"line":46,"column":3}},"locations":[{"start":{"line":44,"column":27},"end":{"line":46,"column":3}}]},"9":{"type":"branch","line":47,"loc":{"start":{"line":47,"column":13},"end":{"line":49,"column":3}},"locations":[{"start":{"line":47,"column":13},"end":{"line":49,"column":3}}]},"10":{"type":"branch","line":50,"loc":{"start":{"line":50,"column":13},"end":{"line":52,"column":3}},"locations":[{"start":{"line":50,"column":13},"end":{"line":52,"column":3}}]},"11":{"type":"branch","line":54,"loc":{"start":{"line":54,"column":2},"end":{"line":61,"column":4}},"locations":[{"start":{"line":54,"column":2},"end":{"line":61,"column":4}}]},"12":{"type":"branch","line":54,"loc":{"start":{"line":54,"column":13},"end":{"line":61,"column":4}},"locations":[{"start":{"line":54,"column":13},"end":{"line":61,"column":4}}]},"13":{"type":"branch","line":59,"loc":{"start":{"line":59,"column":6},"end":{"line":61,"column":4}},"locations":[{"start":{"line":59,"column":6},"end":{"line":61,"column":4}}]}},"b":{"0":[7],"1":[6],"2":[1],"3":[6],"4":[1],"5":[5],"6":[5],"7":[2],"8":[1],"9":[1],"10":[1],"11":[7],"12":[2],"13":[1]},"fnMap":{"0":{"name":"Vehicule","decl":{"start":{"line":16,"column":2},"end":{"line":36,"column":3}},"loc":{"start":{"line":16,"column":2},"end":{"line":36,"column":3}},"line":16},"1":{"name":"get registrationId","decl":{"start":{"line":38,"column":20},"end":{"line":40,"column":3}},"loc":{"start":{"line":38,"column":20},"end":{"line":40,"column":3}},"line":38},"2":{"name":"get model","decl":{"start":{"line":41,"column":11},"end":{"line":43,"column":3}},"loc":{"start":{"line":41,"column":11},"end":{"line":43,"column":3}},"line":41},"3":{"name":"get originalInServiceDate","decl":{"start":{"line":44,"column":27},"end":{"line":46,"column":3}},"loc":{"start":{"line":44,"column":27},"end":{"line":46,"column":3}},"line":44},"4":{"name":"get picture","decl":{"start":{"line":47,"column":13},"end":{"line":49,"column":3}},"loc":{"start":{"line":47,"column":13},"end":{"line":49,"column":3}},"line":47},"5":{"name":"get mileage","decl":{"start":{"line":50,"column":13},"end":{"line":52,"column":3}},"loc":{"start":{"line":50,"column":13},"end":{"line":52,"column":3}},"line":50},"6":{"name":"<instance_members_initializer>","decl":{"start":{"line":54,"column":2},"end":{"line":61,"column":4}},"loc":{"start":{"line":54,"column":2},"end":{"line":61,"column":4}},"line":54},"7":{"name":"isEqual","decl":{"start":{"line":54,"column":13},"end":{"line":61,"column":4}},"loc":{"start":{"line":54,"column":13},"end":{"line":61,"column":4}},"line":54}},"f":{"0":7,"1":5,"2":2,"3":1,"4":1,"5":1,"6":7,"7":2}}
,"/home/sylvain/autresProjets/cart-rent/car-rent-server/domain/entities/IndividualCustomer.ts": {"path":"/home/sylvain/autresProjets/cart-rent/car-rent-server/domain/entities/IndividualCustomer.ts","all":false,"statementMap":{"0":{"start":{"line":1,"column":0},"end":{"line":1,"column":47}},"1":{"start":{"line":2,"column":0},"end":{"line":2,"column":58}},"2":{"start":{"line":3,"column":0},"end":{"line":3,"column":0}},"3":{"start":{"line":4,"column":0},"end":{"line":4,"column":31}},"4":{"start":{"line":5,"column":0},"end":{"line":5,"column":15}},"5":{"start":{"line":6,"column":0},"end":{"line":6,"column":19}},"6":{"start":{"line":7,"column":0},"end":{"line":7,"column":18}},"7":{"start":{"line":8,"column":0},"end":{"line":8,"column":17}},"8":{"start":{"line":9,"column":0},"end":{"line":9,"column":1}},"9":{"start":{"line":10,"column":0},"end":{"line":10,"column":0}},"10":{"start":{"line":11,"column":0},"end":{"line":11,"column":31}},"11":{"start":{"line":12,"column":0},"end":{"line":12,"column":53}},"12":{"start":{"line":13,"column":0},"end":{"line":13,"column":1}},"13":{"start":{"line":14,"column":0},"end":{"line":14,"column":38}},"14":{"start":{"line":15,"column":0},"end":{"line":15,"column":14}},"15":{"start":{"line":16,"column":0},"end":{"line":16,"column":16}},"16":{"start":{"line":17,"column":0},"end":{"line":17,"column":22}},"17":{"start":{"line":18,"column":0},"end":{"line":18,"column":23}},"18":{"start":{"line":19,"column":0},"end":{"line":19,"column":21}},"19":{"start":{"line":20,"column":0},"end":{"line":20,"column":5}},"20":{"start":{"line":21,"column":0},"end":{"line":21,"column":59}},"21":{"start":{"line":22,"column":0},"end":{"line":22,"column":19}},"22":{"start":{"line":23,"column":0},"end":{"line":23,"column":27}},"23":{"start":{"line":24,"column":0},"end":{"line":24,"column":14}},"24":{"start":{"line":25,"column":0},"end":{"line":25,"column":37}},"25":{"start":{"line":26,"column":0},"end":{"line":26,"column":35}},"26":{"start":{"line":27,"column":0},"end":{"line":27,"column":6}},"27":{"start":{"line":28,"column":0},"end":{"line":28,"column":3}},"28":{"start":{"line":29,"column":0},"end":{"line":29,"column":15}},"29":{"start":{"line":30,"column":0},"end":{"line":30,"column":23}},"30":{"start":{"line":31,"column":0},"end":{"line":31,"column":3}},"31":{"start":{"line":32,"column":0},"end":{"line":32,"column":33}},"32":{"start":{"line":33,"column":0},"end":{"line":33,"column":8}},"33":{"start":{"line":34,"column":0},"end":{"line":34,"column":44}},"34":{"start":{"line":35,"column":0},"end":{"line":35,"column":44}},"35":{"start":{"line":36,"column":0},"end":{"line":36,"column":5}},"36":{"start":{"line":37,"column":0},"end":{"line":37,"column":18}},"37":{"start":{"line":38,"column":0},"end":{"line":38,"column":17}},"38":{"start":{"line":39,"column":0},"end":{"line":39,"column":4}},"39":{"start":{"line":40,"column":0},"end":{"line":40,"column":1}}},"s":{"0":1,"1":1,"2":1,"3":1,"4":1,"5":1,"6":1,"7":1,"8":1,"9":1,"10":1,"11":1,"12":1,"13":1,"14":1,"15":6,"16":6,"17":6,"18":6,"19":6,"20":6,"21":5,"22":5,"23":5,"24":5,"25":5,"26":5,"27":5,"28":1,"29":11,"30":11,"31":1,"32":2,"33":2,"34":2,"35":2,"36":2,"37":1,"38":1,"39":1},"branchMap":{"0":{"type":"branch","line":15,"loc":{"start":{"line":15,"column":2},"end":{"line":28,"column":3}},"locations":[{"start":{"line":15,"column":2},"end":{"line":28,"column":3}}]},"1":{"type":"branch","line":21,"loc":{"start":{"line":21,"column":18},"end":{"line":21,"column":24}},"locations":[{"start":{"line":21,"column":18},"end":{"line":21,"column":24}}]},"2":{"type":"branch","line":21,"loc":{"start":{"line":21,"column":18},"end":{"line":28,"column":3}},"locations":[{"start":{"line":21,"column":18},"end":{"line":28,"column":3}}]},"3":{"type":"branch","line":29,"loc":{"start":{"line":29,"column":11},"end":{"line":31,"column":3}},"locations":[{"start":{"line":29,"column":11},"end":{"line":31,"column":3}}]},"4":{"type":"branch","line":32,"loc":{"start":{"line":32,"column":2},"end":{"line":39,"column":4}},"locations":[{"start":{"line":32,"column":2},"end":{"line":39,"column":4}}]},"5":{"type":"branch","line":32,"loc":{"start":{"line":32,"column":13},"end":{"line":39,"column":4}},"locations":[{"start":{"line":32,"column":13},"end":{"line":39,"column":4}}]},"6":{"type":"branch","line":37,"loc":{"start":{"line":37,"column":6},"end":{"line":39,"column":4}},"locations":[{"start":{"line":37,"column":6},"end":{"line":39,"column":4}}]}},"b":{"0":[6],"1":[1],"2":[5],"3":[11],"4":[6],"5":[2],"6":[1]},"fnMap":{"0":{"name":"IndividualCustomer","decl":{"start":{"line":15,"column":2},"end":{"line":28,"column":3}},"loc":{"start":{"line":15,"column":2},"end":{"line":28,"column":3}},"line":15},"1":{"name":"get value","decl":{"start":{"line":29,"column":11},"end":{"line":31,"column":3}},"loc":{"start":{"line":29,"column":11},"end":{"line":31,"column":3}},"line":29},"2":{"name":"<instance_members_initializer>","decl":{"start":{"line":32,"column":2},"end":{"line":39,"column":4}},"loc":{"start":{"line":32,"column":2},"end":{"line":39,"column":4}},"line":32},"3":{"name":"isEqual","decl":{"start":{"line":32,"column":13},"end":{"line":39,"column":4}},"loc":{"start":{"line":32,"column":13},"end":{"line":39,"column":4}},"line":32}},"f":{"0":6,"1":11,"2":6,"3":2}}
,"/home/sylvain/autresProjets/cart-rent/car-rent-server/domain/entities/ProfessionalCustomer.ts": {"path":"/home/sylvain/autresProjets/cart-rent/car-rent-server/domain/entities/ProfessionalCustomer.ts","all":false,"statementMap":{"0":{"start":{"line":1,"column":0},"end":{"line":1,"column":47}},"1":{"start":{"line":2,"column":0},"end":{"line":2,"column":55}},"2":{"start":{"line":3,"column":0},"end":{"line":3,"column":0}},"3":{"start":{"line":4,"column":0},"end":{"line":4,"column":33}},"4":{"start":{"line":5,"column":0},"end":{"line":5,"column":19}},"5":{"start":{"line":6,"column":0},"end":{"line":6,"column":20}},"6":{"start":{"line":7,"column":0},"end":{"line":7,"column":15}},"7":{"start":{"line":8,"column":0},"end":{"line":8,"column":1}},"8":{"start":{"line":9,"column":0},"end":{"line":9,"column":0}},"9":{"start":{"line":10,"column":0},"end":{"line":10,"column":33}},"10":{"start":{"line":11,"column":0},"end":{"line":11,"column":55}},"11":{"start":{"line":12,"column":0},"end":{"line":12,"column":1}},"12":{"start":{"line":13,"column":0},"end":{"line":13,"column":40}},"13":{"start":{"line":14,"column":0},"end":{"line":14,"column":72}},"14":{"start":{"line":15,"column":0},"end":{"line":15,"column":59}},"15":{"start":{"line":16,"column":0},"end":{"line":16,"column":19}},"16":{"start":{"line":17,"column":0},"end":{"line":17,"column":14}},"17":{"start":{"line":18,"column":0},"end":{"line":18,"column":41}},"18":{"start":{"line":19,"column":0},"end":{"line":19,"column":30}},"19":{"start":{"line":20,"column":0},"end":{"line":20,"column":6}},"20":{"start":{"line":21,"column":0},"end":{"line":21,"column":3}},"21":{"start":{"line":22,"column":0},"end":{"line":22,"column":15}},"22":{"start":{"line":23,"column":0},"end":{"line":23,"column":23}},"23":{"start":{"line":24,"column":0},"end":{"line":24,"column":3}},"24":{"start":{"line":25,"column":0},"end":{"line":25,"column":33}},"25":{"start":{"line":26,"column":0},"end":{"line":26,"column":8}},"26":{"start":{"line":27,"column":0},"end":{"line":27,"column":46}},"27":{"start":{"line":28,"column":0},"end":{"line":28,"column":50}},"28":{"start":{"line":29,"column":0},"end":{"line":29,"column":5}},"29":{"start":{"line":30,"column":0},"end":{"line":30,"column":18}},"30":{"start":{"line":31,"column":0},"end":{"line":31,"column":17}},"31":{"start":{"line":32,"column":0},"end":{"line":32,"column":4}},"32":{"start":{"line":33,"column":0},"end":{"line":33,"column":1}}},"s":{"0":1,"1":1,"2":1,"3":1,"4":1,"5":1,"6":1,"7":1,"8":1,"9":1,"10":1,"11":1,"12":1,"13":1,"14":6,"15":5,"16":5,"17":5,"18":5,"19":5,"20":5,"21":1,"22":10,"23":10,"24":1,"25":2,"26":2,"27":2,"28":2,"29":2,"30":1,"31":1,"32":1},"branchMap":{"0":{"type":"branch","line":14,"loc":{"start":{"line":14,"column":2},"end":{"line":21,"column":3}},"locations":[{"start":{"line":14,"column":2},"end":{"line":21,"column":3}}]},"1":{"type":"branch","line":15,"loc":{"start":{"line":15,"column":18},"end":{"line":15,"column":24}},"locations":[{"start":{"line":15,"column":18},"end":{"line":15,"column":24}}]},"2":{"type":"branch","line":15,"loc":{"start":{"line":15,"column":18},"end":{"line":21,"column":3}},"locations":[{"start":{"line":15,"column":18},"end":{"line":21,"column":3}}]},"3":{"type":"branch","line":22,"loc":{"start":{"line":22,"column":11},"end":{"line":24,"column":3}},"locations":[{"start":{"line":22,"column":11},"end":{"line":24,"column":3}}]},"4":{"type":"branch","line":25,"loc":{"start":{"line":25,"column":2},"end":{"line":32,"column":4}},"locations":[{"start":{"line":25,"column":2},"end":{"line":32,"column":4}}]},"5":{"type":"branch","line":25,"loc":{"start":{"line":25,"column":13},"end":{"line":32,"column":4}},"locations":[{"start":{"line":25,"column":13},"end":{"line":32,"column":4}}]},"6":{"type":"branch","line":30,"loc":{"start":{"line":30,"column":6},"end":{"line":32,"column":4}},"locations":[{"start":{"line":30,"column":6},"end":{"line":32,"column":4}}]}},"b":{"0":[6],"1":[1],"2":[5],"3":[10],"4":[6],"5":[2],"6":[1]},"fnMap":{"0":{"name":"ProfessionalCustomer","decl":{"start":{"line":14,"column":2},"end":{"line":21,"column":3}},"loc":{"start":{"line":14,"column":2},"end":{"line":21,"column":3}},"line":14},"1":{"name":"get value","decl":{"start":{"line":22,"column":11},"end":{"line":24,"column":3}},"loc":{"start":{"line":22,"column":11},"end":{"line":24,"column":3}},"line":22},"2":{"name":"<instance_members_initializer>","decl":{"start":{"line":25,"column":2},"end":{"line":32,"column":4}},"loc":{"start":{"line":25,"column":2},"end":{"line":32,"column":4}},"line":25},"3":{"name":"isEqual","decl":{"start":{"line":25,"column":13},"end":{"line":32,"column":4}},"loc":{"start":{"line":25,"column":13},"end":{"line":32,"column":4}},"line":25}},"f":{"0":6,"1":10,"2":6,"3":2}}
}
