TN:
SF:domain/ValueObjects.ts
FN:5,UniqueId
FN:9,get value
FN:12,<instance_members_initializer>
FN:12,isEqual
FN:18,RegistrationId
FN:22,get value
FN:25,<instance_members_initializer>
FN:25,isEqual
FN:31,IPAddress
FN:50,get value
FN:53,<instance_members_initializer>
FN:53,isEqual
FN:59,Siret
FN:64,get value
FN:67,<instance_members_initializer>
FN:67,isEqual
FN:73,PictureURL
FN:76,get value
FN:79,<instance_members_initializer>
FN:79,isEqual
FN:85,Mileage
FN:90,get value
FN:93,<instance_members_initializer>
FN:93,isEqual
FN:99,Name
FN:107,get value
FN:110,<instance_members_initializer>
FN:110,isEqual
FN:116,Address
FN:137,get value
FN:140,<instance_members_initializer>
FN:140,isEqual
FNF:32
FNH:32
FNDA:11,UniqueId
FNDA:10,get value
FNDA:11,<instance_members_initializer>
FNDA:4,isEqual
FNDA:11,RegistrationId
FNDA:10,get value
FNDA:11,<instance_members_initializer>
FNDA:4,isEqual
FNDA:16,IPAddress
FNDA:12,get value
FNDA:16,<instance_members_initializer>
FNDA:4,isEqual
FNDA:14,Siret
FNDA:10,get value
FNDA:14,<instance_members_initializer>
FNDA:4,isEqual
FNDA:11,PictureURL
FNDA:7,get value
FNDA:11,<instance_members_initializer>
FNDA:2,isEqual
FNDA:9,Mileage
FNDA:5,get value
FNDA:9,<instance_members_initializer>
FNDA:1,isEqual
FNDA:40,Name
FNDA:18,get value
FNDA:40,<instance_members_initializer>
FNDA:5,isEqual
FNDA:12,Address
FNDA:33,get value
FNDA:12,<instance_members_initializer>
FNDA:2,isEqual
DA:1,1
DA:2,1
DA:3,1
DA:4,1
DA:5,1
DA:6,11
DA:7,10
DA:8,10
DA:9,1
DA:10,10
DA:11,10
DA:12,1
DA:13,4
DA:14,1
DA:15,1
DA:16,1
DA:17,1
DA:18,1
DA:19,11
DA:20,10
DA:21,10
DA:22,1
DA:23,10
DA:24,10
DA:25,1
DA:26,4
DA:27,1
DA:28,1
DA:29,1
DA:30,1
DA:31,1
DA:32,16
DA:33,14
DA:34,14
DA:35,14
DA:36,14
DA:37,16
DA:38,16
DA:39,16
DA:40,16
DA:41,16
DA:42,16
DA:43,16
DA:44,16
DA:45,16
DA:46,16
DA:47,12
DA:48,12
DA:49,12
DA:50,1
DA:51,12
DA:52,12
DA:53,1
DA:54,4
DA:55,1
DA:56,1
DA:57,1
DA:58,1
DA:59,1
DA:60,14
DA:61,14
DA:62,10
DA:63,10
DA:64,1
DA:65,10
DA:66,10
DA:67,1
DA:68,4
DA:69,1
DA:70,1
DA:71,1
DA:72,1
DA:73,1
DA:74,11
DA:75,11
DA:76,1
DA:77,7
DA:78,7
DA:79,1
DA:80,2
DA:81,1
DA:82,1
DA:83,1
DA:84,1
DA:85,1
DA:86,9
DA:87,9
DA:88,9
DA:89,9
DA:90,1
DA:91,5
DA:92,5
DA:93,1
DA:94,1
DA:95,1
DA:96,1
DA:97,1
DA:98,1
DA:99,1
DA:100,40
DA:101,40
DA:102,40
DA:103,38
DA:104,38
DA:105,38
DA:106,38
DA:107,1
DA:108,18
DA:109,18
DA:110,1
DA:111,5
DA:112,1
DA:113,1
DA:114,1
DA:115,1
DA:116,1
DA:117,12
DA:118,12
DA:119,12
DA:120,12
DA:121,12
DA:122,12
DA:123,12
DA:124,12
DA:125,12
DA:126,11
DA:127,11
DA:128,11
DA:129,11
DA:130,11
DA:131,11
DA:132,12
DA:133,12
DA:134,12
DA:135,12
DA:136,12
DA:137,1
DA:138,33
DA:139,33
DA:140,1
DA:141,2
DA:142,1
DA:143,1
DA:144,1
DA:145,1
DA:146,1
DA:147,1
DA:148,1
LF:148
LH:148
BRDA:5,0,0,11
BRDA:6,1,0,1
BRDA:6,2,0,10
BRDA:9,3,0,10
BRDA:12,4,0,11
BRDA:12,5,0,4
BRDA:18,6,0,11
BRDA:19,7,0,1
BRDA:19,8,0,10
BRDA:22,9,0,10
BRDA:25,10,0,11
BRDA:25,11,0,4
BRDA:31,12,0,16
BRDA:32,13,0,2
BRDA:32,14,0,14
BRDA:42,15,0,8
BRDA:46,16,0,2
BRDA:46,17,0,12
BRDA:50,18,0,12
BRDA:53,19,0,16
BRDA:53,20,0,4
BRDA:59,21,0,14
BRDA:60,22,0,13
BRDA:61,23,0,4
BRDA:61,24,0,10
BRDA:64,25,0,10
BRDA:67,26,0,14
BRDA:67,27,0,4
BRDA:73,28,0,11
BRDA:74,29,0,7
BRDA:76,30,0,7
BRDA:79,31,0,11
BRDA:79,32,0,2
BRDA:85,33,0,9
BRDA:86,34,0,2
BRDA:87,35,0,1
BRDA:87,36,0,8
BRDA:88,37,0,7
BRDA:90,38,0,5
BRDA:93,39,0,9
BRDA:93,40,0,1
BRDA:99,41,0,40
BRDA:100,42,0,1
BRDA:100,43,0,39
BRDA:102,44,0,1
BRDA:102,45,0,38
BRDA:107,46,0,18
BRDA:110,47,0,40
BRDA:110,48,0,5
BRDA:116,49,0,12
BRDA:124,50,0,11
BRDA:124,51,0,11
BRDA:124,52,0,11
BRDA:124,53,0,11
BRDA:125,54,0,1
BRDA:125,55,0,11
BRDA:137,56,0,33
BRDA:140,57,0,12
BRDA:140,58,0,2
BRDA:141,59,0,1
BRDA:141,60,0,1
BRF:61
BRH:61
end_of_record
TN:
SF:domain/entities/IndividualCustomer.ts
FN:15,IndividualCustomer
FN:29,get value
FN:32,<instance_members_initializer>
FN:32,isEqual
FNF:4
FNH:4
FNDA:6,IndividualCustomer
FNDA:11,get value
FNDA:6,<instance_members_initializer>
FNDA:2,isEqual
DA:1,1
DA:2,1
DA:3,1
DA:4,1
DA:5,1
DA:6,1
DA:7,1
DA:8,1
DA:9,1
DA:10,1
DA:11,1
DA:12,1
DA:13,1
DA:14,1
DA:15,1
DA:16,6
DA:17,6
DA:18,6
DA:19,6
DA:20,6
DA:21,6
DA:22,5
DA:23,5
DA:24,5
DA:25,5
DA:26,5
DA:27,5
DA:28,5
DA:29,1
DA:30,11
DA:31,11
DA:32,1
DA:33,2
DA:34,2
DA:35,2
DA:36,2
DA:37,2
DA:38,1
DA:39,1
DA:40,1
LF:40
LH:40
BRDA:15,0,0,6
BRDA:21,1,0,1
BRDA:21,2,0,5
BRDA:29,3,0,11
BRDA:32,4,0,6
BRDA:32,5,0,2
BRDA:37,6,0,1
BRF:7
BRH:7
end_of_record
TN:
SF:domain/entities/Model.ts
FN:10,Model
FN:16,get name
FN:19,get brand
FN:22,<instance_members_initializer>
FN:22,isEqual
FNF:5
FNH:5
FNDA:9,Model
FNDA:6,get name
FNDA:4,get brand
FNDA:9,<instance_members_initializer>
FNDA:2,isEqual
DA:1,1
DA:2,1
DA:3,1
DA:4,1
DA:5,1
DA:6,1
DA:7,1
DA:8,1
DA:9,1
DA:10,1
DA:11,9
DA:12,9
DA:13,9
DA:14,9
DA:15,9
DA:16,1
DA:17,6
DA:18,6
DA:19,1
DA:20,4
DA:21,4
DA:22,1
DA:23,2
DA:24,2
DA:25,1
DA:26,2
DA:27,2
DA:28,2
DA:29,1
DA:30,1
DA:31,1
LF:31
LH:31
BRDA:10,0,0,9
BRDA:16,1,0,6
BRDA:19,2,0,4
BRDA:22,3,0,9
BRDA:22,4,0,2
BRDA:24,5,0,1
BRDA:28,6,0,1
BRF:7
BRH:7
end_of_record
TN:
SF:domain/entities/ProfessionalCustomer.ts
FN:14,ProfessionalCustomer
FN:22,get value
FN:25,<instance_members_initializer>
FN:25,isEqual
FNF:4
FNH:4
FNDA:6,ProfessionalCustomer
FNDA:10,get value
FNDA:6,<instance_members_initializer>
FNDA:2,isEqual
DA:1,1
DA:2,1
DA:3,1
DA:4,1
DA:5,1
DA:6,1
DA:7,1
DA:8,1
DA:9,1
DA:10,1
DA:11,1
DA:12,1
DA:13,1
DA:14,1
DA:15,6
DA:16,5
DA:17,5
DA:18,5
DA:19,5
DA:20,5
DA:21,5
DA:22,1
DA:23,10
DA:24,10
DA:25,1
DA:26,2
DA:27,2
DA:28,2
DA:29,2
DA:30,2
DA:31,1
DA:32,1
DA:33,1
LF:33
LH:33
BRDA:14,0,0,6
BRDA:15,1,0,1
BRDA:15,2,0,5
BRDA:22,3,0,10
BRDA:25,4,0,6
BRDA:25,5,0,2
BRDA:30,6,0,1
BRF:7
BRH:7
end_of_record
TN:
SF:domain/entities/Prospect.ts
FN:10,Prospect
FN:15,get value
FN:18,get id
FN:21,<instance_members_initializer>
FN:21,isEqual
FNF:5
FNH:5
FNDA:8,Prospect
FNDA:2,get value
FNDA:4,get id
FNDA:8,<instance_members_initializer>
FNDA:2,isEqual
DA:1,1
DA:2,1
DA:3,1
DA:4,1
DA:5,1
DA:6,1
DA:7,1
DA:8,1
DA:9,1
DA:10,1
DA:11,8
DA:12,8
DA:13,8
DA:14,8
DA:15,1
DA:16,2
DA:17,2
DA:18,1
DA:19,4
DA:20,4
DA:21,1
DA:22,2
DA:23,1
DA:24,1
DA:25,1
LF:25
LH:25
BRDA:10,0,0,8
BRDA:15,1,0,2
BRDA:18,2,0,4
BRDA:21,3,0,8
BRDA:21,4,0,2
BRDA:22,5,0,1
BRF:6
BRH:6
end_of_record
TN:
SF:domain/entities/Vehicule.ts
FN:16,Vehicule
FN:38,get registrationId
FN:41,get model
FN:44,get originalInServiceDate
FN:47,get picture
FN:50,get mileage
FN:54,<instance_members_initializer>
FN:54,isEqual
FNF:8
FNH:8
FNDA:7,Vehicule
FNDA:5,get registrationId
FNDA:2,get model
FNDA:1,get originalInServiceDate
FNDA:1,get picture
FNDA:1,get mileage
FNDA:7,<instance_members_initializer>
FNDA:2,isEqual
DA:1,1
DA:2,1
DA:3,1
DA:4,1
DA:5,1
DA:6,1
DA:7,1
DA:8,1
DA:9,1
DA:10,1
DA:11,1
DA:12,1
DA:13,1
DA:14,1
DA:15,1
DA:16,1
DA:17,7
DA:18,7
DA:19,7
DA:20,7
DA:21,7
DA:22,7
DA:23,7
DA:24,7
DA:25,7
DA:26,7
DA:27,5
DA:28,5
DA:29,5
DA:30,5
DA:31,5
DA:32,5
DA:33,5
DA:34,5
DA:35,5
DA:36,5
DA:37,1
DA:38,1
DA:39,5
DA:40,5
DA:41,1
DA:42,2
DA:43,2
DA:44,1
DA:45,1
DA:46,1
DA:47,1
DA:48,1
DA:49,1
DA:50,1
DA:51,1
DA:52,1
DA:53,1
DA:54,1
DA:55,2
DA:56,2
DA:57,2
DA:58,2
DA:59,2
DA:60,1
DA:61,1
DA:62,1
LF:62
LH:62
BRDA:16,0,0,7
BRDA:23,1,0,6
BRDA:24,2,0,1
BRDA:24,3,0,6
BRDA:26,4,0,1
BRDA:26,5,0,5
BRDA:38,6,0,5
BRDA:41,7,0,2
BRDA:44,8,0,1
BRDA:47,9,0,1
BRDA:50,10,0,1
BRDA:54,11,0,7
BRDA:54,12,0,2
BRDA:59,13,0,1
BRF:14
BRH:14
end_of_record
